[dflash] WARNING: detected CUDA device 0 (NVIDIA GeForce RTX 3090) with 23 GiB VRAM.
[dflash]          Long-context prefill on <=24 GiB cards is significantly
[dflash]          slower with VMM enabled. Consider rebuilding with:
[dflash]              cmake -DGGML_CUDA_NO_VMM=ON ..
ggml_cuda_init: found 1 CUDA devices (Total VRAM: 24575 MiB):
  Device 0: NVIDIA GeForce RTX 3090, compute capability 8.6, VMM: no, VRAM: 24575 MiB
[cache] MTP donor override: forced Q8_0 on 2 layer(s) to avoid TQ3/FWHT cross-attn mismatch
[cache] created max_ctx=4096 (full_attn=4096, swa=2048), kv_layers=60, saved 41.7%
[cache] kv types: SWA=tq3_0, full=tq3_0
ggml_backend_cuda_graph_compute: CUDA graph warmup complete
[cfg] model=/home/peppi/Dev/lucebox-hub/models/gemma-4-31B-it-Q4_K_M.gguf draft=(none) method=mtp gpu=0 ctx=4096 n_predict=32 kv_k=tq3_0 kv_v=tq3_0 temp=0.00 top_k=0 top_p=1.00 budget=22 bench=0 fa_window=0 draft_max=0 adaptive=0 draft_kv_cap_override=0 pflash=0 pflash_alpha=0.120
[gemma4_loader] bos_id=2 eos_id=106 eos_chat_id=107
[gemma4_loader] capture_layer_ids: 1 12 23 35 46 57
[target] loaded 60 layers, n_embd=5376, vocab=262144  (2385.6 ms)
[mtp_loader] loaded: n_embd_backbone=5376 n_mtp_layers=4 attention_k_eq_v=1 n_centroids=2048 use_ordered_embeddings=0 requires_target_arch=gemma4 tensors=49 GPU 322.06 MiB
[mtp_loader]   layer[0]: is_swa=1 donor_target_layer=59
[mtp_loader]   layer[1]: is_swa=1 donor_target_layer=59
[mtp_loader]   layer[2]: is_swa=1 donor_target_layer=59
[mtp_loader]   layer[3]: is_swa=0 donor_target_layer=58
[mtp] loaded n_layers=4 n_embd=1024 n_embd_backbone=5376  (96.7 ms)
[cache] created max_ctx=4096, kv_layers=60  (84.8 ms)
[mtp] mtp_last_full_layer=59
[mtp-fa-types] layer 0: Qfa=f32 Kfa=q8_0 Vfa=q8_0 head_dim_fa=256 kv_is_tq3=0 need_mask=0
[mtp-fa-types] layer 1: Qfa=f32 Kfa=q8_0 Vfa=q8_0 head_dim_fa=256 kv_is_tq3=0 need_mask=0
[mtp-fa-types] layer 2: Qfa=f32 Kfa=q8_0 Vfa=q8_0 head_dim_fa=256 kv_is_tq3=0 need_mask=0
[mtp-fa-types] layer 3: Qfa=f32 Kfa=q8_0 Vfa=q8_0 head_dim_fa=512 kv_is_tq3=0 need_mask=1
[mtp] step graph built ok
[tokens] byte-fallback tokenisation: 35 tokens (pass --tokens <ids> for real tokenisation)
[tokens] prepended BOS token 2
[prefill] 36 tokens ...
[prefill] 36 tokens in 197.6 ms (182.1 tok/s) [chunked, chunk_size=36]  (last sampled token: 100)
45518 107 101 [mtp-gt1] chain k=1 accepted=2 bonus=101 total_acc=2 pos_mode=const
ggml_backend_cuda_graph_compute: CUDA graph warmup complete
818 [mtp-gt1] chain k=2 accepted=0 bonus=818 total_acc=2 pos_mode=const
ggml_backend_cuda_graph_compute: CUDA graph warmup reset
ggml_backend_cuda_graph_compute: CUDA graph warmup complete
2430 815 [mtp-gt1] chain k=3 accepted=1 bonus=815 total_acc=3 pos_mode=const
ggml_backend_cuda_graph_compute: CUDA graph warmup complete
3847 496 11172 [mtp-gt1] chain k=4 accepted=2 bonus=11172 total_acc=5 pos_mode=const
ggml_backend_cuda_graph_compute: CUDA graph warmup reset
ggml_backend_cuda_graph_compute: CUDA graph warmup complete
17520 [mtp-gt1] chain k=5 accepted=0 bonus=17520 total_acc=5 pos_mode=const
ggml_backend_cuda_graph_compute: CUDA graph warmup reset
ggml_backend_cuda_graph_compute: CUDA graph warmup complete
529 [mtp-gt1] chain k=6 accepted=0 bonus=529 total_acc=5 pos_mode=const
ggml_backend_cuda_graph_compute: CUDA graph warmup reset
ggml_backend_cuda_graph_compute: CUDA graph warmup complete
496 3605 529 [mtp-gt1] chain k=7 accepted=2 bonus=529 total_acc=7 pos_mode=const
ggml_backend_cuda_graph_compute: CUDA graph warmup reset
ggml_backend_cuda_graph_compute: CUDA graph warmup complete
7738 [mtp-gt1] chain k=8 accepted=0 bonus=7738 total_acc=7 pos_mode=const
ggml_backend_cuda_graph_compute: CUDA graph warmup reset
ggml_backend_cuda_graph_compute: CUDA graph warmup complete
653 [mtp-gt1] chain k=9 accepted=0 bonus=653 total_acc=7 pos_mode=const
ggml_backend_cuda_graph_compute: CUDA graph warmup reset
ggml_backend_cuda_graph_compute: CUDA graph warmup complete
3541 [mtp-gt1] chain k=10 accepted=0 bonus=3541 total_acc=7 pos_mode=const
ggml_backend_cuda_graph_compute: CUDA graph warmup reset
ggml_backend_cuda_graph_compute: CUDA graph warmup complete
236772 11681 11802 [mtp-gt1] chain k=11 accepted=2 bonus=11802 total_acc=9 pos_mode=const
ggml_backend_cuda_graph_compute: CUDA graph warmup reset
ggml_backend_cuda_graph_compute: CUDA graph warmup complete
529 1816 568 [mtp-gt1] chain k=12 accepted=2 bonus=568 total_acc=11 pos_mode=const
ggml_backend_cuda_graph_compute: CUDA graph warmup reset
ggml_backend_cuda_graph_compute: CUDA graph warmup complete
65682 [mtp-gt1] chain k=13 accepted=0 bonus=65682 total_acc=11 pos_mode=const
ggml_backend_cuda_graph_compute: CUDA graph warmup reset
ggml_backend_cuda_graph_compute: CUDA graph warmup complete
618 [mtp-gt1] chain k=14 accepted=0 bonus=618 total_acc=11 pos_mode=const
ggml_backend_cuda_graph_compute: CUDA graph warmup reset
ggml_backend_cuda_graph_compute: CUDA graph warmup complete
2165 236785 [mtp-gt1] chain k=15 accepted=1 bonus=236785 total_acc=12 pos_mode=const
ggml_backend_cuda_graph_compute: CUDA graph warmup reset
ggml_backend_cuda_graph_compute: CUDA graph warmup complete
236749 236929 653 [mtp-gt1] chain k=16 accepted=2 bonus=653 total_acc=14 pos_mode=const
ggml_backend_cuda_graph_compute: CUDA graph warmup reset
ggml_backend_cuda_graph_compute: CUDA graph warmup complete
118364 236768 [mtp-gt1] chain k=17 accepted=1 bonus=236768 total_acc=15 pos_mode=const

[mtp-gt1] chains=17 total_accepted=15 mean_accept=0.88 accept_rate=0.441 gamma=2 pos_mode=const

[stats] generated=32  decode_ms=1902.8  tok/s=16.82  first_tok_ms=95.02
[stats] prefill=36 tokens  context_used=68/4096
[mem]  VRAM used=19.71 GB  total=24.00 GB
