[dflash] WARNING: detected CUDA device 0 (NVIDIA GeForce RTX 3090) with 23 GiB VRAM.
[dflash]          Long-context prefill on <=24 GiB cards is significantly
[dflash]          slower with VMM enabled. Consider rebuilding with:
[dflash]              cmake -DGGML_CUDA_NO_VMM=ON ..
ggml_cuda_init: found 1 CUDA devices (Total VRAM: 24575 MiB):
  Device 0: NVIDIA GeForce RTX 3090, compute capability 8.6, VMM: no, VRAM: 24575 MiB
[cache] MTP donor override: forced Q8_0 on 2 layer(s) to avoid TQ3/FWHT cross-attn mismatch
[cache] created max_ctx=4096 (full_attn=4096, swa=2048), kv_layers=60, saved 41.7%
[cache] kv types: SWA=tq3_0, full=tq3_0
ggml_backend_cuda_graph_compute: CUDA graph warmup complete
[cfg] model=/home/peppi/Dev/lucebox-hub/models/gemma-4-31B-it-Q4_K_M.gguf draft=(none) method=mtp gpu=0 ctx=4096 n_predict=256 kv_k=tq3_0 kv_v=tq3_0 temp=0.00 top_k=0 top_p=1.00 budget=22 bench=0 fa_window=0 draft_max=0 adaptive=0 draft_kv_cap_override=0 pflash=0 pflash_alpha=0.120
[gemma4_loader] bos_id=2 eos_id=106 eos_chat_id=107
[gemma4_loader] capture_layer_ids: 1 12 23 35 46 57
[target] loaded 60 layers, n_embd=5376, vocab=262144  (2324.6 ms)
[mtp_loader] loaded: n_embd_backbone=5376 n_mtp_layers=4 attention_k_eq_v=1 n_centroids=2048 use_ordered_embeddings=0 requires_target_arch=gemma4 tensors=49 GPU 322.06 MiB
[mtp_loader]   layer[0]: is_swa=1 donor_target_layer=59
[mtp_loader]   layer[1]: is_swa=1 donor_target_layer=59
[mtp_loader]   layer[2]: is_swa=1 donor_target_layer=59
[mtp_loader]   layer[3]: is_swa=0 donor_target_layer=58
[mtp] loaded n_layers=4 n_embd=1024 n_embd_backbone=5376  (98.8 ms)
[cache] created max_ctx=4096, kv_layers=60  (80.2 ms)
[mtp] mtp_last_full_layer=59
[mtp-fa-types] layer 0: Qfa=f32 Kfa=q8_0 Vfa=q8_0 head_dim_fa=256 kv_is_tq3=0 need_mask=0
[mtp-fa-types] layer 1: Qfa=f32 Kfa=q8_0 Vfa=q8_0 head_dim_fa=256 kv_is_tq3=0 need_mask=0
[mtp-fa-types] layer 2: Qfa=f32 Kfa=q8_0 Vfa=q8_0 head_dim_fa=256 kv_is_tq3=0 need_mask=0
[mtp-fa-types] layer 3: Qfa=f32 Kfa=q8_0 Vfa=q8_0 head_dim_fa=512 kv_is_tq3=0 need_mask=1
[mtp] step graph built ok
[tokens] byte-fallback tokenisation: 144 tokens (pass --tokens <ids> for real tokenisation)
[tokens] prepended BOS token 2
[prefill] 145 tokens ...
[prefill] 145 tokens in 331.3 ms (437.6 tok/s) [chunked, chunk_size=145]  (last sampled token: 49)
106 [mtp-gt1] chain k=1 accepted=0 bonus=106 total_acc=0 pos_mode=incr
ggml_backend_cuda_graph_compute: CUDA graph warmup complete
1 45518 [mtp-gt1] chain k=2 accepted=1 bonus=45518 total_acc=1 pos_mode=incr
ggml_backend_cuda_graph_compute: CUDA graph warmup reset
ggml_backend_cuda_graph_compute: CUDA graph warmup complete
107 101 818 [mtp-gt1] chain k=3 accepted=2 bonus=818 total_acc=3 pos_mode=incr
ggml_backend_cuda_graph_compute: CUDA graph warmup complete
2430 3847 [mtp-gt1] chain k=4 accepted=1 bonus=3847 total_acc=4 pos_mode=incr
ggml_backend_cuda_graph_compute: CUDA graph warmup reset
ggml_backend_cuda_graph_compute: CUDA graph warmup complete
496 11172 [mtp-gt1] chain k=5 accepted=1 bonus=11172 total_acc=5 pos_mode=incr
ggml_backend_cuda_graph_compute: CUDA graph warmup reset
ggml_backend_cuda_graph_compute: CUDA graph warmup complete
17520 [mtp-gt1] chain k=6 accepted=0 bonus=17520 total_acc=5 pos_mode=incr
ggml_backend_cuda_graph_compute: CUDA graph warmup reset
ggml_backend_cuda_graph_compute: CUDA graph warmup complete
529 496 2455 [mtp-gt1] chain k=7 accepted=2 bonus=2455 total_acc=7 pos_mode=incr
ggml_backend_cuda_graph_compute: CUDA graph warmup reset
ggml_backend_cuda_graph_compute: CUDA graph warmup complete
2886 529 118364 [mtp-gt1] chain k=8 accepted=2 bonus=118364 total_acc=9 pos_mode=incr
ggml_backend_cuda_graph_compute: CUDA graph warmup reset
ggml_backend_cuda_graph_compute: CUDA graph warmup complete
532 1070 [mtp-gt1] chain k=9 accepted=1 bonus=1070 total_acc=10 pos_mode=incr
ggml_backend_cuda_graph_compute: CUDA graph warmup reset
ggml_backend_cuda_graph_compute: CUDA graph warmup complete
1908 [mtp-gt1] chain k=10 accepted=0 bonus=1908 total_acc=10 pos_mode=incr
ggml_backend_cuda_graph_compute: CUDA graph warmup reset
ggml_backend_cuda_graph_compute: CUDA graph warmup complete
236772 27832 [mtp-gt1] chain k=11 accepted=1 bonus=27832 total_acc=11 pos_mode=incr
ggml_backend_cuda_graph_compute: CUDA graph warmup reset
ggml_backend_cuda_graph_compute: CUDA graph warmup complete
7579 568 7650 [mtp-gt1] chain k=12 accepted=2 bonus=7650 total_acc=13 pos_mode=incr
ggml_backend_cuda_graph_compute: CUDA graph warmup reset
ggml_backend_cuda_graph_compute: CUDA graph warmup complete
3196 531 577 699 506 [mtp-gt1] chain k=13 accepted=4 bonus=506 total_acc=17 pos_mode=incr
ggml_backend_cuda_graph_compute: CUDA graph warmup reset
ggml_backend_cuda_graph_compute: CUDA graph warmup complete
191554 [mtp-gt1] chain k=14 accepted=0 bonus=191554 total_acc=17 pos_mode=incr
ggml_backend_cuda_graph_compute: CUDA graph warmup reset
ggml_backend_cuda_graph_compute: CUDA graph warmup complete
8948 653 3361 [mtp-gt1] chain k=15 accepted=2 bonus=3361 total_acc=19 pos_mode=incr
ggml_backend_cuda_graph_compute: CUDA graph warmup reset
ggml_backend_cuda_graph_compute: CUDA graph warmup complete
769 [mtp-gt1] chain k=16 accepted=0 bonus=769 total_acc=19 pos_mode=incr
ggml_backend_cuda_graph_compute: CUDA graph warmup reset
ggml_backend_cuda_graph_compute: CUDA graph warmup complete
2085 [mtp-gt1] chain k=17 accepted=0 bonus=2085 total_acc=19 pos_mode=incr
ggml_backend_cuda_graph_compute: CUDA graph warmup reset
ggml_backend_cuda_graph_compute: CUDA graph warmup complete
563 951 3582 [mtp-gt1] chain k=18 accepted=2 bonus=3582 total_acc=21 pos_mode=incr
ggml_backend_cuda_graph_compute: CUDA graph warmup reset
ggml_backend_cuda_graph_compute: CUDA graph warmup complete
2934 653 14787 [mtp-gt1] chain k=19 accepted=2 bonus=14787 total_acc=23 pos_mode=incr
ggml_backend_cuda_graph_compute: CUDA graph warmup reset
ggml_backend_cuda_graph_compute: CUDA graph warmup complete
236761 [mtp-gt1] chain k=20 accepted=0 bonus=236761 total_acc=23 pos_mode=incr
ggml_backend_cuda_graph_compute: CUDA graph warmup reset
ggml_backend_cuda_graph_compute: CUDA graph warmup complete
108 10081 [mtp-gt1] chain k=21 accepted=1 bonus=10081 total_acc=24 pos_mode=incr
ggml_backend_cuda_graph_compute: CUDA graph warmup reset
ggml_backend_cuda_graph_compute: CUDA graph warmup complete
993 563 951 21475 [mtp-gt1] chain k=22 accepted=3 bonus=21475 total_acc=27 pos_mode=incr
ggml_backend_cuda_graph_compute: CUDA graph warmup reset
ggml_backend_cuda_graph_compute: CUDA graph warmup complete
2864 236764 564 3914 2847 [mtp-gt1] chain k=23 accepted=4 bonus=2847 total_acc=31 pos_mode=incr
ggml_backend_cuda_graph_compute: CUDA graph warmup reset
ggml_backend_cuda_graph_compute: CUDA graph warmup complete
496 3530 3890 236761 564 [mtp-gt1] chain k=24 accepted=4 bonus=564 total_acc=35 pos_mode=incr
ggml_backend_cuda_graph_compute: CUDA graph warmup reset
ggml_backend_cuda_graph_compute: CUDA graph warmup complete
795 2679 [mtp-gt1] chain k=25 accepted=1 bonus=2679 total_acc=36 pos_mode=incr
ggml_backend_cuda_graph_compute: CUDA graph warmup reset
ggml_backend_cuda_graph_compute: CUDA graph warmup complete
506 2430 531 [mtp-gt1] chain k=26 accepted=2 bonus=531 total_acc=38 pos_mode=incr
ggml_backend_cuda_graph_compute: CUDA graph warmup reset
ggml_backend_cuda_graph_compute: CUDA graph warmup complete
37386 910 2864 236761 108 [mtp-gt1] chain k=27 accepted=4 bonus=108 total_acc=42 pos_mode=incr
ggml_backend_cuda_graph_compute: CUDA graph warmup reset
ggml_backend_cuda_graph_compute: CUDA graph warmup complete
1018 6126 7545 [mtp-gt1] chain k=28 accepted=2 bonus=7545 total_acc=44 pos_mode=incr
ggml_backend_cuda_graph_compute: CUDA graph warmup reset
ggml_backend_cuda_graph_compute: CUDA graph warmup complete
53121 107 236770 236761 562 [mtp-gt1] chain k=29 accepted=4 bonus=562 total_acc=48 pos_mode=incr
ggml_backend_cuda_graph_compute: CUDA graph warmup reset
ggml_backend_cuda_graph_compute: CUDA graph warmup complete
11190 3811 506 2744 [mtp-gt1] chain k=30 accepted=3 bonus=2744 total_acc=51 pos_mode=incr
ggml_backend_cuda_graph_compute: CUDA graph warmup reset
ggml_backend_cuda_graph_compute: CUDA graph warmup complete
236761 107 236778 236761 13241 [mtp-gt1] chain k=31 accepted=4 bonus=13241 total_acc=55 pos_mode=incr
ggml_backend_cuda_graph_compute: CUDA graph warmup reset
ggml_backend_cuda_graph_compute: CUDA graph warmup complete
953 1573 506 2430 600 [mtp-gt1] chain k=32 accepted=4 bonus=600 total_acc=59 pos_mode=incr
ggml_backend_cuda_graph_compute: CUDA graph warmup reset
ggml_backend_cuda_graph_compute: CUDA graph warmup complete
506 2744 691 [mtp-gt1] chain k=33 accepted=2 bonus=691 total_acc=61 pos_mode=incr
ggml_backend_cuda_graph_compute: CUDA graph warmup reset
ggml_backend_cuda_graph_compute: CUDA graph warmup complete
7738 653 31410 [mtp-gt1] chain k=34 accepted=2 bonus=31410 total_acc=63 pos_mode=incr
ggml_backend_cuda_graph_compute: CUDA graph warmup reset
ggml_backend_cuda_graph_compute: CUDA graph warmup complete
236761 107 236800 236761 29020 [mtp-gt1] chain k=35 accepted=4 bonus=29020 total_acc=67 pos_mode=incr
ggml_backend_cuda_graph_compute: CUDA graph warmup reset
ggml_backend_cuda_graph_compute: CUDA graph warmup complete
1091 531 2847 496 2934 [mtp-gt1] chain k=36 accepted=4 bonus=2934 total_acc=71 pos_mode=incr
ggml_backend_cuda_graph_compute: CUDA graph warmup reset
ggml_backend_cuda_graph_compute: CUDA graph warmup complete
653 496 [mtp-gt1] chain k=37 accepted=1 bonus=496 total_acc=72 pos_mode=incr
ggml_backend_cuda_graph_compute: CUDA graph warmup reset
ggml_backend_cuda_graph_compute: CUDA graph warmup complete
4209 236761 108 1018 88293 [mtp-gt1] chain k=38 accepted=4 bonus=88293 total_acc=76 pos_mode=incr
ggml_backend_cuda_graph_compute: CUDA graph warmup reset
ggml_backend_cuda_graph_compute: CUDA graph warmup complete
522 506 3072 53121 107 [mtp-gt1] chain k=39 accepted=4 bonus=107 total_acc=80 pos_mode=incr
ggml_backend_cuda_graph_compute: CUDA graph warmup reset
ggml_backend_cuda_graph_compute: CUDA graph warmup complete
236775 1509 5724 1133 822 [mtp-gt1] chain k=40 accepted=4 bonus=822 total_acc=84 pos_mode=incr
ggml_backend_cuda_graph_compute: CUDA graph warmup reset
ggml_backend_cuda_graph_compute: CUDA graph warmup complete
3618 691 7738 653 10977 [mtp-gt1] chain k=41 accepted=4 bonus=10977 total_acc=88 pos_mode=incr
ggml_backend_cuda_graph_compute: CUDA graph warmup reset
ggml_backend_cuda_graph_compute: CUDA graph warmup complete
7579 [mtp-gt1] chain k=42 accepted=0 bonus=7579 total_acc=88 pos_mode=incr
ggml_backend_cuda_graph_compute: CUDA graph warmup complete
564 [mtp-gt1] chain k=43 accepted=0 bonus=564 total_acc=88 pos_mode=incr
ggml_backend_cuda_graph_compute: CUDA graph warmup reset
ggml_backend_cuda_graph_compute: CUDA graph warmup complete
9225 236789 236745 10151 [mtp-gt1] chain k=44 accepted=3 bonus=10151 total_acc=91 pos_mode=incr
ggml_backend_cuda_graph_compute: CUDA graph warmup reset
ggml_backend_cuda_graph_compute: CUDA graph warmup complete
618 [mtp-gt1] chain k=45 accepted=0 bonus=618 total_acc=91 pos_mode=incr
ggml_backend_cuda_graph_compute: CUDA graph warmup reset
ggml_backend_cuda_graph_compute: CUDA graph warmup complete
496 2864 236761 28344 611 [mtp-gt1] chain k=46 accepted=4 bonus=611 total_acc=95 pos_mode=incr
ggml_backend_cuda_graph_compute: CUDA graph warmup reset
ggml_backend_cuda_graph_compute: CUDA graph warmup complete
5091 3442 [mtp-gt1] chain k=47 accepted=1 bonus=3442 total_acc=96 pos_mode=incr
ggml_backend_cuda_graph_compute: CUDA graph warmup reset
ggml_backend_cuda_graph_compute: CUDA graph warmup complete
786 1217 [mtp-gt1] chain k=48 accepted=1 bonus=1217 total_acc=97 pos_mode=incr
ggml_backend_cuda_graph_compute: CUDA graph warmup reset
ggml_backend_cuda_graph_compute: CUDA graph warmup complete
564 740 1601 611 3124 [mtp-gt1] chain k=49 accepted=4 bonus=3124 total_acc=101 pos_mode=incr
ggml_backend_cuda_graph_compute: CUDA graph warmup reset
ggml_backend_cuda_graph_compute: CUDA graph warmup complete
7462 108 [mtp-gt1] chain k=50 accepted=1 bonus=108 total_acc=102 pos_mode=incr
ggml_backend_cuda_graph_compute: CUDA graph warmup reset
ggml_backend_cuda_graph_compute: CUDA graph warmup complete
236769 [mtp-gt1] chain k=51 accepted=0 bonus=236769 total_acc=102 pos_mode=incr
ggml_backend_cuda_graph_compute: CUDA graph warmup reset
ggml_backend_cuda_graph_compute: CUDA graph warmup complete
20470 236764 3182 [mtp-gt1] chain k=52 accepted=2 bonus=3182 total_acc=104 pos_mode=incr
ggml_backend_cuda_graph_compute: CUDA graph warmup reset
ggml_backend_cuda_graph_compute: CUDA graph warmup complete
12532 [mtp-gt1] chain k=53 accepted=0 bonus=12532 total_acc=104 pos_mode=incr
ggml_backend_cuda_graph_compute: CUDA graph warmup reset
ggml_backend_cuda_graph_compute: CUDA graph warmup complete
657 506 7579 [mtp-gt1] chain k=54 accepted=2 bonus=7579 total_acc=106 pos_mode=incr
ggml_backend_cuda_graph_compute: CUDA graph warmup reset
ggml_backend_cuda_graph_compute: CUDA graph warmup complete
236787 [mtp-gt1] chain k=55 accepted=0 bonus=236787 total_acc=106 pos_mode=incr
ggml_backend_cuda_graph_compute: CUDA graph warmup reset
ggml_backend_cuda_graph_compute: CUDA graph warmup complete
2165 216153 [mtp-gt1] chain k=56 accepted=1 bonus=216153 total_acc=107 pos_mode=incr
ggml_backend_cuda_graph_compute: CUDA graph warmup reset
ggml_backend_cuda_graph_compute: CUDA graph warmup complete
8347 2165 216153 [mtp-gt1] chain k=57 accepted=2 bonus=216153 total_acc=109 pos_mode=incr
ggml_backend_cuda_graph_compute: CUDA graph warmup reset
ggml_backend_cuda_graph_compute: CUDA graph warmup complete
8347 2165 216153 [mtp-gt1] chain k=58 accepted=2 bonus=216153 total_acc=111 pos_mode=incr
ggml_backend_cuda_graph_compute: CUDA graph warmup reset
ggml_backend_cuda_graph_compute: CUDA graph warmup complete
236929 [mtp-gt1] chain k=59 accepted=0 bonus=236929 total_acc=111 pos_mode=incr
ggml_backend_cuda_graph_compute: CUDA graph warmup reset
ggml_backend_cuda_graph_compute: CUDA graph warmup complete
4044 [mtp-gt1] chain k=60 accepted=0 bonus=4044 total_acc=111 pos_mode=incr
ggml_backend_cuda_graph_compute: CUDA graph warmup reset
ggml_backend_cuda_graph_compute: CUDA graph warmup complete
236761 659 [mtp-gt1] chain k=61 accepted=1 bonus=659 total_acc=112 pos_mode=incr
ggml_backend_cuda_graph_compute: CUDA graph warmup reset
ggml_backend_cuda_graph_compute: CUDA graph warmup complete
711 [mtp-gt1] chain k=62 accepted=0 bonus=711 total_acc=112 pos_mode=incr
ggml_backend_cuda_graph_compute: CUDA graph warmup reset
ggml_backend_cuda_graph_compute: CUDA graph warmup complete
4077 5422 236761 2195 [mtp-gt1] chain k=63 accepted=3 bonus=2195 total_acc=115 pos_mode=incr
ggml_backend_cuda_graph_compute: CUDA graph warmup reset
ggml_backend_cuda_graph_compute: CUDA graph warmup complete
1385 1133 3530 [mtp-gt1] chain k=64 accepted=2 bonus=3530 total_acc=117 pos_mode=incr
ggml_backend_cuda_graph_compute: CUDA graph warmup reset
ggml_backend_cuda_graph_compute: CUDA graph warmup complete
26626 [mtp-gt1] chain k=65 accepted=0 bonus=26626 total_acc=117 pos_mode=incr
ggml_backend_cuda_graph_compute: CUDA graph warmup reset
ggml_backend_cuda_graph_compute: CUDA graph warmup complete
7579 236761 3153 [mtp-gt1] chain k=66 accepted=2 bonus=3153 total_acc=119 pos_mode=incr
ggml_backend_cuda_graph_compute: CUDA graph warmup reset
ggml_backend_cuda_graph_compute: CUDA graph warmup complete
236764 2180 [mtp-gt1] chain k=67 accepted=1 bonus=2180 total_acc=120 pos_mode=incr
ggml_backend_cuda_graph_compute: CUDA graph warmup reset
ggml_backend_cuda_graph_compute: CUDA graph warmup complete
496 11172 [mtp-gt1] chain k=68 accepted=1 bonus=11172 total_acc=121 pos_mode=incr
ggml_backend_cuda_graph_compute: CUDA graph warmup reset
ggml_backend_cuda_graph_compute: CUDA graph warmup complete
236764 564 [mtp-gt1] chain k=69 accepted=1 bonus=564 total_acc=122 pos_mode=incr
ggml_backend_cuda_graph_compute: CUDA graph warmup reset
ggml_backend_cuda_graph_compute: CUDA graph warmup complete
3914 [mtp-gt1] chain k=70 accepted=0 bonus=3914 total_acc=122 pos_mode=incr
ggml_backend_cuda_graph_compute: CUDA graph warmup complete
1134 [mtp-gt1] chain k=71 accepted=0 bonus=1134 total_acc=122 pos_mode=incr
ggml_backend_cuda_graph_compute: CUDA graph warmup reset
ggml_backend_cuda_graph_compute: CUDA graph warmup complete
2907 108 1018 17667 4893 [mtp-gt1] chain k=72 accepted=4 bonus=4893 total_acc=126 pos_mode=incr
ggml_backend_cuda_graph_compute: CUDA graph warmup reset
ggml_backend_cuda_graph_compute: CUDA graph warmup complete
53121 29020 [mtp-gt1] chain k=73 accepted=1 bonus=29020 total_acc=127 pos_mode=incr
ggml_backend_cuda_graph_compute: CUDA graph warmup reset
ggml_backend_cuda_graph_compute: CUDA graph warmup complete
573 65977 236761 108 1018 [mtp-gt1] chain k=74 accepted=4 bonus=1018 total_acc=131 pos_mode=incr
ggml_backend_cuda_graph_compute: CUDA graph warmup reset
ggml_backend_cuda_graph_compute: CUDA graph warmup complete
6126 53121 107 236775 1509 [mtp-gt1] chain k=75 accepted=4 bonus=1509 total_acc=135 pos_mode=incr
ggml_backend_cuda_graph_compute: CUDA graph warmup reset
ggml_backend_cuda_graph_compute: CUDA graph warmup complete
5724 1133 822 3618 691 [mtp-gt1] chain k=76 accepted=4 bonus=691 total_acc=139 pos_mode=incr
ggml_backend_cuda_graph_compute: CUDA graph warmup reset
ggml_backend_cuda_graph_compute: CUDA graph warmup complete
7738 653 10977 [mtp-gt1] chain k=77 accepted=2 bonus=10977 total_acc=141 pos_mode=incr
ggml_backend_cuda_graph_compute: CUDA graph warmup reset
ggml_backend_cuda_graph_compute: CUDA graph warmup complete
7579 [mtp-gt1] chain k=78 accepted=0 bonus=7579 total_acc=141 pos_mode=incr
ggml_backend_cuda_graph_compute: CUDA graph warmup reset
ggml_backend_cuda_graph_compute: CUDA graph warmup complete
600 3782 [mtp-gt1] chain k=79 accepted=1 bonus=3782 total_acc=142 pos_mode=incr
ggml_backend_cuda_graph_compute: CUDA graph warmup reset
ggml_backend_cuda_graph_compute: CUDA graph warmup complete
236789 236745 1183 496 3582 [mtp-gt1] chain k=80 accepted=4 bonus=3582 total_acc=146 pos_mode=incr
ggml_backend_cuda_graph_compute: CUDA graph warmup reset
ggml_backend_cuda_graph_compute: CUDA graph warmup complete
2864 236761 28344 611 5091 [mtp-gt1] chain k=81 accepted=4 bonus=5091 total_acc=150 pos_mode=incr
ggml_backend_cuda_graph_compute: CUDA graph warmup reset
ggml_backend_cuda_graph_compute: CUDA graph warmup complete
3442 786 1217 [mtp-gt1] chain k=82 accepted=2 bonus=1217 total_acc=152 pos_mode=incr
ggml_backend_cuda_graph_compute: CUDA graph warmup reset
ggml_backend_cuda_graph_compute: CUDA graph warmup complete
564 740 1601 611 3124 [mtp-gt1] chain k=83 accepted=4 bonus=3124 total_acc=156 pos_mode=incr
ggml_backend_cuda_graph_compute: CUDA graph warmup reset
ggml_backend_cuda_graph_compute: CUDA graph warmup complete
7462 108 [mtp-gt1] chain k=84 accepted=1 bonus=108 total_acc=157 pos_mode=incr
ggml_backend_cuda_graph_compute: CUDA graph warmup reset
ggml_backend_cuda_graph_compute: CUDA graph warmup complete
236769 68755 [mtp-gt1] chain k=85 accepted=1 bonus=68755 total_acc=158 pos_mode=incr
ggml_backend_cuda_graph_compute: CUDA graph warmup reset
ggml_backend_cuda_graph_compute: CUDA graph warmup complete
236764 3182 [mtp-gt1] chain k=86 accepted=1 bonus=3182 total_acc=159 pos_mode=incr
ggml_backend_cuda_graph_compute: CUDA graph warmup reset
ggml_backend_cuda_graph_compute: CUDA graph warmup complete
657 506 11172 [mtp-gt1] chain k=87 accepted=2 bonus=11172 total_acc=161 pos_mode=incr
ggml_backend_cuda_graph_compute: CUDA graph warmup reset
ggml_backend_cuda_graph_compute: CUDA graph warmup complete
1570 236764 625 236789 236751 [mtp-gt1] chain k=88 accepted=4 bonus=236751 total_acc=165 pos_mode=incr
ggml_backend_cuda_graph_compute: CUDA graph warmup reset
ggml_backend_cuda_graph_compute: CUDA graph warmup complete
10723 [mtp-gt1] chain k=89 accepted=0 bonus=10723 total_acc=165 pos_mode=incr
ggml_backend_cuda_graph_compute: CUDA graph warmup reset
ggml_backend_cuda_graph_compute: CUDA graph warmup complete
7738 2557 [mtp-gt1] chain k=90 accepted=2 bonus=532 total_acc=167 pos_mode=incr

[mtp-gt1] chains=90 total_accepted=167 mean_accept=1.86 accept_rate=0.464 gamma=4 pos_mode=incr

[stats] generated=256  decode_ms=12431.6  tok/s=20.59  first_tok_ms=114.00
[stats] prefill=145 tokens  context_used=402/4096
[mem]  VRAM used=19.82 GB  total=24.00 GB
