[dflash] WARNING: detected CUDA device 0 (NVIDIA GeForce RTX 3090) with 23 GiB VRAM.
[dflash]          Long-context prefill on <=24 GiB cards is significantly
[dflash]          slower with VMM enabled. Consider rebuilding with:
[dflash]              cmake -DGGML_CUDA_NO_VMM=ON ..
ggml_cuda_init: found 1 CUDA devices (Total VRAM: 24575 MiB):
  Device 0: NVIDIA GeForce RTX 3090, compute capability 8.6, VMM: no, VRAM: 24575 MiB
[cache] MTP donor override: forced Q8_0 on 2 layer(s) to avoid TQ3/FWHT cross-attn mismatch
[cache] created max_ctx=65536 (full_attn=65536, swa=2048), kv_layers=60, saved 80.7%
[cache] kv types: SWA=tq3_0, full=tq3_0
ggml_backend_cuda_graph_compute: CUDA graph warmup complete
[cfg] model=/home/peppi/Dev/lucebox-hub/models/gemma-4-31B-it-Q4_K_M.gguf draft=(none) method=mtp gpu=0 ctx=65536 n_predict=64 kv_k=tq3_0 kv_v=tq3_0 temp=0.00 top_k=0 top_p=1.00 budget=22 bench=0 fa_window=0 draft_max=0 adaptive=0 draft_kv_cap_override=0 pflash=0 pflash_alpha=0.120
[gemma4_loader] bos_id=2 eos_id=106 eos_chat_id=107
[gemma4_loader] capture_layer_ids: 1 12 23 35 46 57
[target] loaded 60 layers, n_embd=5376, vocab=262144  (2143.0 ms)
[mtp_loader] loaded: n_embd_backbone=5376 n_mtp_layers=4 attention_k_eq_v=1 n_centroids=2048 use_ordered_embeddings=0 requires_target_arch=gemma4 tensors=49 GPU 322.06 MiB
[mtp_loader]   layer[0]: is_swa=1 donor_target_layer=59
[mtp_loader]   layer[1]: is_swa=1 donor_target_layer=59
[mtp_loader]   layer[2]: is_swa=1 donor_target_layer=59
[mtp_loader]   layer[3]: is_swa=0 donor_target_layer=58
[mtp] loaded n_layers=4 n_embd=1024 n_embd_backbone=5376  (100.6 ms)
[cache] created max_ctx=65536, kv_layers=60  (207.5 ms)
[mtp] mtp_last_full_layer=59
[mtp-fa-types] layer 0: Qfa=f32 Kfa=q8_0 Vfa=q8_0 head_dim_fa=256 kv_is_tq3=0 need_mask=0
[mtp-fa-types] layer 1: Qfa=f32 Kfa=q8_0 Vfa=q8_0 head_dim_fa=256 kv_is_tq3=0 need_mask=0
[mtp-fa-types] layer 2: Qfa=f32 Kfa=q8_0 Vfa=q8_0 head_dim_fa=256 kv_is_tq3=0 need_mask=0
[mtp-fa-types] layer 3: Qfa=f32 Kfa=q8_0 Vfa=q8_0 head_dim_fa=512 kv_is_tq3=0 need_mask=1
[mtp] step graph built ok
[tokens] using 50002 pre-tokenised IDs from --tokens
[tokens] prepended BOS token 2
[prefill] 50003 tokens ...
[prefill] 50003 tokens in 108138.4 ms (462.4 tok/s) [chunked, chunk_size=1024]  (last sampled token: 100)
45518 107 101 2094 9173 10594 [mtp-gt1] chain k=1 accepted=5 bonus=10594 total_acc=5 pos_mode=const
ggml_backend_cuda_graph_compute: CUDA graph warmup complete
529 496 2455 [mtp-gt1] chain k=2 accepted=2 bonus=2455 total_acc=7 pos_mode=const
ggml_backend_cuda_graph_compute: CUDA graph warmup complete
5249 529 6829 [mtp-gt1] chain k=3 accepted=2 bonus=6829 total_acc=9 pos_mode=const
ggml_backend_cuda_graph_compute: CUDA graph warmup complete
236764 1944 236772 [mtp-gt1] chain k=4 accepted=2 bonus=236772 total_acc=11 pos_mode=const
ggml_backend_cuda_graph_compute: CUDA graph warmup complete
7669 14955 5151 5402 [mtp-gt1] chain k=5 accepted=3 bonus=5402 total_acc=14 pos_mode=const
ggml_backend_cuda_graph_compute: CUDA graph warmup complete
573 118213 8991 [mtp-gt1] chain k=6 accepted=2 bonus=8991 total_acc=16 pos_mode=const
ggml_backend_cuda_graph_compute: CUDA graph warmup complete
236761 [mtp-gt1] chain k=7 accepted=0 bonus=236761 total_acc=16 pos_mode=const
ggml_backend_cuda_graph_compute: CUDA graph warmup complete
669 3364 [mtp-gt1] chain k=8 accepted=1 bonus=3364 total_acc=17 pos_mode=const
ggml_backend_cuda_graph_compute: CUDA graph warmup complete
9935 659 [mtp-gt1] chain k=9 accepted=1 bonus=659 total_acc=18 pos_mode=const
ggml_backend_cuda_graph_compute: CUDA graph warmup complete
618 5238 236787 108 1018 [mtp-gt1] chain k=10 accepted=4 bonus=1018 total_acc=22 pos_mode=const
ggml_backend_cuda_graph_compute: CUDA graph warmup complete
4809 21072 833 12939 [mtp-gt1] chain k=11 accepted=3 bonus=12939 total_acc=25 pos_mode=const
ggml_backend_cuda_graph_compute: CUDA graph warmup complete
72627 [mtp-gt1] chain k=12 accepted=0 bonus=72627 total_acc=25 pos_mode=const
ggml_backend_cuda_graph_compute: CUDA graph warmup complete
1018 107 236829 139 1018 103831 45750 53121 [mtp-gt1] chain k=13 accepted=7 bonus=53121 total_acc=32 pos_mode=const
ggml_backend_cuda_graph_compute: CUDA graph warmup complete
2085 [mtp-gt1] chain k=14 accepted=0 bonus=2085 total_acc=32 pos_mode=const
ggml_backend_cuda_graph_compute: CUDA graph warmup complete
563 496 7274 50932 580 17856 [mtp-gt1] chain k=15 accepted=5 bonus=17856 total_acc=37 pos_mode=const
ggml_backend_cuda_graph_compute: CUDA graph warmup complete
236789 236751 10828 [mtp-gt1] chain k=16 accepted=2 bonus=10828 total_acc=39 pos_mode=const
ggml_backend_cuda_graph_compute: CUDA graph warmup complete
164742 [mtp-gt1] chain k=17 accepted=0 bonus=164742 total_acc=39 pos_mode=const
ggml_backend_cuda_graph_compute: CUDA graph warmup complete
236764 10916 [mtp-gt1] chain k=18 accepted=1 bonus=10916 total_acc=40 pos_mode=const
ggml_backend_cuda_graph_compute: CUDA graph warmup complete
2165 3275 8347 [mtp-gt1] chain k=19 accepted=2 bonus=8347 total_acc=42 pos_mode=const
ggml_backend_cuda_graph_compute: CUDA graph warmup complete
2165 7212 8347 [mtp-gt1] chain k=20 accepted=3 bonus=2165 total_acc=45 pos_mode=const

[mtp-gt1] chains=20 total_accepted=45 mean_accept=2.25 accept_rate=0.281 gamma=8 pos_mode=const

[stats] generated=64  decode_ms=12000.4  tok/s=5.33  first_tok_ms=463.73
[stats] prefill=50003 tokens  context_used=50068/65536
[mem]  VRAM used=21.70 GB  total=24.00 GB
