[dflash] WARNING: detected CUDA device 0 (NVIDIA GeForce RTX 3090) with 23 GiB VRAM.
[dflash]          Long-context prefill on <=24 GiB cards is significantly
[dflash]          slower with VMM enabled. Consider rebuilding with:
[dflash]              cmake -DGGML_CUDA_NO_VMM=ON ..
ggml_cuda_init: found 1 CUDA devices (Total VRAM: 24575 MiB):
  Device 0: NVIDIA GeForce RTX 3090, compute capability 8.6, VMM: no, VRAM: 24575 MiB
[cache] MTP donor override: forced Q8_0 on 2 layer(s) to avoid TQ3/FWHT cross-attn mismatch
[cache] created max_ctx=4096 (full_attn=4096, swa=2048), kv_layers=60, saved 41.7%
[cache] kv types: SWA=tq3_0, full=tq3_0
ggml_backend_cuda_graph_compute: CUDA graph warmup complete
[cfg] model=/home/peppi/Dev/lucebox-hub/models/gemma-4-31B-it-Q4_K_M.gguf draft=(none) method=mtp gpu=0 ctx=4096 n_predict=64 kv_k=tq3_0 kv_v=tq3_0 temp=0.00 top_k=0 top_p=1.00 budget=22 bench=0 fa_window=0 draft_max=0 adaptive=0 draft_kv_cap_override=0 pflash=0 pflash_alpha=0.120
[gemma4_loader] bos_id=2 eos_id=106 eos_chat_id=107
[gemma4_loader] capture_layer_ids: 1 12 23 35 46 57
[target] loaded 60 layers, n_embd=5376, vocab=262144  (2250.0 ms)
[mtp_loader] loaded: n_embd_backbone=5376 n_mtp_layers=4 attention_k_eq_v=1 n_centroids=2048 use_ordered_embeddings=0 requires_target_arch=gemma4 tensors=49 GPU 322.06 MiB
[mtp_loader]   layer[0]: is_swa=1 donor_target_layer=59
[mtp_loader]   layer[1]: is_swa=1 donor_target_layer=59
[mtp_loader]   layer[2]: is_swa=1 donor_target_layer=59
[mtp_loader]   layer[3]: is_swa=0 donor_target_layer=58
[mtp] loaded n_layers=4 n_embd=1024 n_embd_backbone=5376  (92.9 ms)
[cache] created max_ctx=4096, kv_layers=60  (80.3 ms)
[mtp] mtp_last_full_layer=59
[mtp-fa-types] layer 0: Qfa=f32 Kfa=q8_0 Vfa=q8_0 head_dim_fa=256 kv_is_tq3=0 need_mask=0
[mtp-fa-types] layer 1: Qfa=f32 Kfa=q8_0 Vfa=q8_0 head_dim_fa=256 kv_is_tq3=0 need_mask=0
[mtp-fa-types] layer 2: Qfa=f32 Kfa=q8_0 Vfa=q8_0 head_dim_fa=256 kv_is_tq3=0 need_mask=0
[mtp-fa-types] layer 3: Qfa=f32 Kfa=q8_0 Vfa=q8_0 head_dim_fa=512 kv_is_tq3=0 need_mask=1
[mtp] step graph built ok
[tokens] byte-fallback tokenisation: 144 tokens (pass --tokens <ids> for real tokenisation)
[tokens] prepended BOS token 2
[prefill] 145 tokens ...
[prefill] 145 tokens in 340.6 ms (425.7 tok/s) [chunked, chunk_size=145]  (last sampled token: 49)
106 [mtp-gt1] chain k=1 accepted=0 bonus=106 total_acc=0 pos_mode=const
ggml_backend_cuda_graph_compute: CUDA graph warmup complete
1 7243 [mtp-gt1] chain k=2 accepted=1 bonus=7243 total_acc=1 pos_mode=const
ggml_backend_cuda_graph_compute: CUDA graph warmup reset
ggml_backend_cuda_graph_compute: CUDA graph warmup complete
107 [mtp-gt1] chain k=3 accepted=0 bonus=107 total_acc=1 pos_mode=const
ggml_backend_cuda_graph_compute: CUDA graph warmup complete
100 [mtp-gt1] chain k=4 accepted=0 bonus=100 total_acc=1 pos_mode=const
ggml_backend_cuda_graph_compute: CUDA graph warmup reset
ggml_backend_cuda_graph_compute: CUDA graph warmup complete
45518 107 818 [mtp-gt1] chain k=5 accepted=2 bonus=818 total_acc=3 pos_mode=const
ggml_backend_cuda_graph_compute: CUDA graph warmup reset
ggml_backend_cuda_graph_compute: CUDA graph warmup complete
2430 815 [mtp-gt1] chain k=6 accepted=1 bonus=815 total_acc=4 pos_mode=const
ggml_backend_cuda_graph_compute: CUDA graph warmup reset
ggml_backend_cuda_graph_compute: CUDA graph warmup complete
3847 496 11172 [mtp-gt1] chain k=7 accepted=2 bonus=11172 total_acc=6 pos_mode=const
ggml_backend_cuda_graph_compute: CUDA graph warmup reset
ggml_backend_cuda_graph_compute: CUDA graph warmup complete
17520 [mtp-gt1] chain k=8 accepted=0 bonus=17520 total_acc=6 pos_mode=const
ggml_backend_cuda_graph_compute: CUDA graph warmup reset
ggml_backend_cuda_graph_compute: CUDA graph warmup complete
529 496 2455 [mtp-gt1] chain k=9 accepted=2 bonus=2455 total_acc=8 pos_mode=const
ggml_backend_cuda_graph_compute: CUDA graph warmup reset
ggml_backend_cuda_graph_compute: CUDA graph warmup complete
2886 529 118364 532 1070 [mtp-gt1] chain k=10 accepted=4 bonus=1070 total_acc=12 pos_mode=const
ggml_backend_cuda_graph_compute: CUDA graph warmup reset
ggml_backend_cuda_graph_compute: CUDA graph warmup complete
1908 [mtp-gt1] chain k=11 accepted=0 bonus=1908 total_acc=12 pos_mode=const
ggml_backend_cuda_graph_compute: CUDA graph warmup reset
ggml_backend_cuda_graph_compute: CUDA graph warmup complete
236772 23771 [mtp-gt1] chain k=12 accepted=1 bonus=23771 total_acc=13 pos_mode=const
ggml_backend_cuda_graph_compute: CUDA graph warmup reset
ggml_backend_cuda_graph_compute: CUDA graph warmup complete
7579 236786 [mtp-gt1] chain k=13 accepted=1 bonus=236786 total_acc=14 pos_mode=const
ggml_backend_cuda_graph_compute: CUDA graph warmup reset
ggml_backend_cuda_graph_compute: CUDA graph warmup complete
79766 568 5282 623 216153 [mtp-gt1] chain k=14 accepted=4 bonus=216153 total_acc=18 pos_mode=const
ggml_backend_cuda_graph_compute: CUDA graph warmup reset
ggml_backend_cuda_graph_compute: CUDA graph warmup complete
827 623 216153 [mtp-gt1] chain k=15 accepted=2 bonus=216153 total_acc=20 pos_mode=const
ggml_backend_cuda_graph_compute: CUDA graph warmup reset
ggml_backend_cuda_graph_compute: CUDA graph warmup complete
827 623 216153 [mtp-gt1] chain k=16 accepted=2 bonus=216153 total_acc=22 pos_mode=const
ggml_backend_cuda_graph_compute: CUDA graph warmup reset
ggml_backend_cuda_graph_compute: CUDA graph warmup complete
827 623 216153 [mtp-gt1] chain k=17 accepted=2 bonus=216153 total_acc=24 pos_mode=const
ggml_backend_cuda_graph_compute: CUDA graph warmup reset
ggml_backend_cuda_graph_compute: CUDA graph warmup complete
827 623 216153 [mtp-gt1] chain k=18 accepted=2 bonus=216153 total_acc=26 pos_mode=const
ggml_backend_cuda_graph_compute: CUDA graph warmup reset
ggml_backend_cuda_graph_compute: CUDA graph warmup complete
827 623 216153 [mtp-gt1] chain k=19 accepted=2 bonus=216153 total_acc=28 pos_mode=const
ggml_backend_cuda_graph_compute: CUDA graph warmup reset
ggml_backend_cuda_graph_compute: CUDA graph warmup complete
827 623 216153 [mtp-gt1] chain k=20 accepted=2 bonus=216153 total_acc=30 pos_mode=const
ggml_backend_cuda_graph_compute: CUDA graph warmup reset
ggml_backend_cuda_graph_compute: CUDA graph warmup complete
827 623 216153 [mtp-gt1] chain k=21 accepted=2 bonus=216153 total_acc=32 pos_mode=const
ggml_backend_cuda_graph_compute: CUDA graph warmup reset
ggml_backend_cuda_graph_compute: CUDA graph warmup complete
827 623 216153 [mtp-gt1] chain k=22 accepted=2 bonus=216153 total_acc=34 pos_mode=const
ggml_backend_cuda_graph_compute: CUDA graph warmup reset
ggml_backend_cuda_graph_compute: CUDA graph warmup complete
827 623 216153 [mtp-gt1] chain k=23 accepted=2 bonus=216153 total_acc=36 pos_mode=const
ggml_backend_cuda_graph_compute: CUDA graph warmup reset
ggml_backend_cuda_graph_compute: CUDA graph warmup complete
827 623 216153 [mtp-gt1] chain k=24 accepted=2 bonus=216153 total_acc=38 pos_mode=const
ggml_backend_cuda_graph_compute: CUDA graph warmup reset
ggml_backend_cuda_graph_compute: CUDA graph warmup complete
827 623 [mtp-gt1] chain k=25 accepted=2 bonus=216153 total_acc=40 pos_mode=const

[mtp-gt1] chains=25 total_accepted=40 mean_accept=1.60 accept_rate=0.200 gamma=8 pos_mode=const

[stats] generated=64  decode_ms=3868.6  tok/s=16.54  first_tok_ms=120.53
[stats] prefill=145 tokens  context_used=210/4096
[mem]  VRAM used=19.80 GB  total=24.00 GB
