[dflash] WARNING: detected CUDA device 0 (NVIDIA GeForce RTX 3090) with 23 GiB VRAM.
[dflash]          Long-context prefill on <=24 GiB cards is significantly
[dflash]          slower with VMM enabled. Consider rebuilding with:
[dflash]              cmake -DGGML_CUDA_NO_VMM=ON ..
ggml_cuda_init: found 1 CUDA devices (Total VRAM: 24575 MiB):
  Device 0: NVIDIA GeForce RTX 3090, compute capability 8.6, VMM: no, VRAM: 24575 MiB
[cache] MTP donor override: forced Q8_0 on 2 layer(s) to avoid TQ3/FWHT cross-attn mismatch
[cache] created max_ctx=16384 (full_attn=16384, swa=2048), kv_layers=60, saved 72.9%
[cache] kv types: SWA=tq3_0, full=tq3_0
ggml_backend_cuda_graph_compute: CUDA graph warmup complete
[cfg] model=/home/peppi/Dev/lucebox-hub/models/gemma-4-31B-it-Q4_K_M.gguf draft=(none) method=mtp gpu=0 ctx=16384 n_predict=64 kv_k=tq3_0 kv_v=tq3_0 temp=0.00 top_k=0 top_p=1.00 budget=22 bench=0 fa_window=0 draft_max=0 adaptive=0 draft_kv_cap_override=0 pflash=0 pflash_alpha=0.120
[gemma4_loader] bos_id=2 eos_id=106 eos_chat_id=107
[gemma4_loader] capture_layer_ids: 1 12 23 35 46 57
[target] loaded 60 layers, n_embd=5376, vocab=262144  (2246.1 ms)
[mtp_loader] loaded: n_embd_backbone=5376 n_mtp_layers=4 attention_k_eq_v=1 n_centroids=2048 use_ordered_embeddings=0 requires_target_arch=gemma4 tensors=49 GPU 322.06 MiB
[mtp_loader]   layer[0]: is_swa=1 donor_target_layer=59
[mtp_loader]   layer[1]: is_swa=1 donor_target_layer=59
[mtp_loader]   layer[2]: is_swa=1 donor_target_layer=59
[mtp_loader]   layer[3]: is_swa=0 donor_target_layer=58
[mtp] loaded n_layers=4 n_embd=1024 n_embd_backbone=5376  (105.0 ms)
[cache] created max_ctx=16384, kv_layers=60  (105.5 ms)
[mtp] mtp_last_full_layer=59
[mtp-fa-types] layer 0: Qfa=f32 Kfa=q8_0 Vfa=q8_0 head_dim_fa=256 kv_is_tq3=0 need_mask=0
[mtp-fa-types] layer 1: Qfa=f32 Kfa=q8_0 Vfa=q8_0 head_dim_fa=256 kv_is_tq3=0 need_mask=0
[mtp-fa-types] layer 2: Qfa=f32 Kfa=q8_0 Vfa=q8_0 head_dim_fa=256 kv_is_tq3=0 need_mask=0
[mtp-fa-types] layer 3: Qfa=f32 Kfa=q8_0 Vfa=q8_0 head_dim_fa=512 kv_is_tq3=0 need_mask=1
[mtp] step graph built ok
[tokens] using 12288 pre-tokenised IDs from --tokens
[tokens] prepended BOS token 2
[prefill] 12289 tokens ...
[prefill] 12289 tokens in 19483.1 ms (630.8 tok/s) [chunked, chunk_size=1024]  (last sampled token: 506)
236780 [mtp-gt1] chain k=1 accepted=0 bonus=236780 total_acc=0 pos_mode=const
ggml_backend_cuda_graph_compute: CUDA graph warmup complete
6886 [mtp-gt1] chain k=2 accepted=0 bonus=6886 total_acc=0 pos_mode=const
ggml_backend_cuda_graph_compute: CUDA graph warmup complete
40707 [mtp-gt1] chain k=3 accepted=0 bonus=40707 total_acc=0 pos_mode=const
ggml_backend_cuda_graph_compute: CUDA graph warmup complete
605 1852 [mtp-gt1] chain k=4 accepted=1 bonus=1852 total_acc=1 pos_mode=const
ggml_backend_cuda_graph_compute: CUDA graph warmup complete
1852 [mtp-gt1] chain k=5 accepted=0 bonus=1852 total_acc=1 pos_mode=const
ggml_backend_cuda_graph_compute: CUDA graph warmup complete
1852 [mtp-gt1] chain k=6 accepted=0 bonus=1852 total_acc=1 pos_mode=const
ggml_backend_cuda_graph_compute: CUDA graph warmup complete
1852 [mtp-gt1] chain k=7 accepted=0 bonus=1852 total_acc=1 pos_mode=const
ggml_backend_cuda_graph_compute: CUDA graph warmup complete
1852 [mtp-gt1] chain k=8 accepted=0 bonus=1852 total_acc=1 pos_mode=const
ggml_backend_cuda_graph_compute: CUDA graph warmup complete
1852 1852 1852 1852 1852 1852 108 [mtp-gt1] chain k=9 accepted=6 bonus=108 total_acc=7 pos_mode=const
ggml_backend_cuda_graph_compute: CUDA graph warmup complete
715 [mtp-gt1] chain k=10 accepted=0 bonus=715 total_acc=7 pos_mode=const
ggml_backend_cuda_graph_compute: CUDA graph warmup complete
107 [mtp-gt1] chain k=11 accepted=0 bonus=107 total_acc=7 pos_mode=const
ggml_backend_cuda_graph_compute: CUDA graph warmup complete
236814 [mtp-gt1] chain k=12 accepted=0 bonus=236814 total_acc=7 pos_mode=const
ggml_backend_cuda_graph_compute: CUDA graph warmup complete
45518 [mtp-gt1] chain k=13 accepted=0 bonus=45518 total_acc=7 pos_mode=const
ggml_backend_cuda_graph_compute: CUDA graph warmup complete
107 101 10354 [mtp-gt1] chain k=14 accepted=2 bonus=10354 total_acc=9 pos_mode=const
ggml_backend_cuda_graph_compute: CUDA graph warmup complete
25252 [mtp-gt1] chain k=15 accepted=0 bonus=25252 total_acc=9 pos_mode=const
ggml_backend_cuda_graph_compute: CUDA graph warmup complete
529 18787 137944 532 [mtp-gt1] chain k=16 accepted=3 bonus=532 total_acc=12 pos_mode=const
ggml_backend_cuda_graph_compute: CUDA graph warmup complete
81179 108 2094 [mtp-gt1] chain k=17 accepted=2 bonus=2094 total_acc=14 pos_mode=const
ggml_backend_cuda_graph_compute: CUDA graph warmup complete
1816 [mtp-gt1] chain k=18 accepted=0 bonus=1816 total_acc=14 pos_mode=const
ggml_backend_cuda_graph_compute: CUDA graph warmup complete
563 614 [mtp-gt1] chain k=19 accepted=1 bonus=614 total_acc=15 pos_mode=const
ggml_backend_cuda_graph_compute: CUDA graph warmup complete
78923 699 506 1441 [mtp-gt1] chain k=20 accepted=3 bonus=1441 total_acc=18 pos_mode=const
ggml_backend_cuda_graph_compute: CUDA graph warmup complete
808 236780 6886 40707 605 22429 [mtp-gt1] chain k=21 accepted=5 bonus=22429 total_acc=23 pos_mode=const
ggml_backend_cuda_graph_compute: CUDA graph warmup complete
1030 56385 [mtp-gt1] chain k=22 accepted=1 bonus=56385 total_acc=24 pos_mode=const
ggml_backend_cuda_graph_compute: CUDA graph warmup complete
506 16625 [mtp-gt1] chain k=23 accepted=1 bonus=16625 total_acc=25 pos_mode=const
ggml_backend_cuda_graph_compute: CUDA graph warmup complete
1534 506 10995 22611 [mtp-gt1] chain k=24 accepted=3 bonus=22611 total_acc=28 pos_mode=const
ggml_backend_cuda_graph_compute: CUDA graph warmup complete
1012 568 3164 1021 5990 236768 532 506 3364 [mtp-gt1] chain k=25 accepted=8 bonus=3364 total_acc=36 pos_mode=const
ggml_backend_cuda_graph_compute: CUDA graph warmup complete
1331 568 942 [mtp-gt1] chain k=26 accepted=5 bonus=779 total_acc=41 pos_mode=const

[mtp-gt1] chains=26 total_accepted=41 mean_accept=1.58 accept_rate=0.197 gamma=8 pos_mode=const

[stats] generated=64  decode_ms=9336.1  tok/s=6.86  first_tok_ms=298.59
[stats] prefill=12289 tokens  context_used=12356/16384
[mem]  VRAM used=20.75 GB  total=24.00 GB
