[dflash] WARNING: detected CUDA device 0 (NVIDIA GeForce RTX 3090) with 23 GiB VRAM.
[dflash]          Long-context prefill on <=24 GiB cards is significantly
[dflash]          slower with VMM enabled. Consider rebuilding with:
[dflash]              cmake -DGGML_CUDA_NO_VMM=ON ..
ggml_cuda_init: found 1 CUDA devices (Total VRAM: 24575 MiB):
  Device 0: NVIDIA GeForce RTX 3090, compute capability 8.6, VMM: no, VRAM: 24575 MiB
[cache] MTP donor override: forced Q8_0 on 2 layer(s) to avoid TQ3/FWHT cross-attn mismatch
[cache] created max_ctx=4096 (full_attn=4096, swa=2048), kv_layers=60, saved 41.7%
[cache] kv types: SWA=tq3_0, full=tq3_0
[cfg] model=/home/peppi/Dev/lucebox-hub/models/gemma-4-31B-it-Q4_K_M.gguf draft=(none) method=mtp gpu=0 ctx=4096 n_predict=64 kv_k=tq3_0 kv_v=tq3_0 temp=0.00 top_k=0 top_p=1.00 budget=22 bench=0 fa_window=0 draft_max=0 adaptive=0 draft_kv_cap_override=0 pflash=0 pflash_alpha=0.120
[gemma4_loader] bos_id=2 eos_id=106 eos_chat_id=107
[gemma4_loader] capture_layer_ids: 1 12 23 35 46 57
[target] loaded 60 layers, n_embd=5376, vocab=262144  (2544.5 ms)
[mtp_loader] loaded: n_embd_backbone=5376 n_mtp_layers=4 attention_k_eq_v=1 n_centroids=2048 use_ordered_embeddings=0 requires_target_arch=gemma4 tensors=49 GPU 322.06 MiB
[mtp_loader]   layer[0]: is_swa=1 donor_target_layer=59
[mtp_loader]   layer[1]: is_swa=1 donor_target_layer=59
[mtp_loader]   layer[2]: is_swa=1 donor_target_layer=59
[mtp_loader]   layer[3]: is_swa=0 donor_target_layer=58
[mtp] loaded n_layers=4 n_embd=1024 n_embd_backbone=5376  (106.3 ms)
[cache] created max_ctx=4096, kv_layers=60  (90.0 ms)
[mtp] mtp_last_full_layer=59
[mtp-fa-types] layer 0: Qfa=f32 Kfa=q8_0 Vfa=q8_0 head_dim_fa=256 kv_is_tq3=0 need_mask=0
[mtp-fa-types] layer 1: Qfa=f32 Kfa=q8_0 Vfa=q8_0 head_dim_fa=256 kv_is_tq3=0 need_mask=0
[mtp-fa-types] layer 2: Qfa=f32 Kfa=q8_0 Vfa=q8_0 head_dim_fa=256 kv_is_tq3=0 need_mask=0
[mtp-fa-types] layer 3: Qfa=f32 Kfa=q8_0 Vfa=q8_0 head_dim_fa=512 kv_is_tq3=0 need_mask=1
[mtp] step graph built ok
[tokens] byte-fallback tokenisation: 144 tokens (pass --tokens <ids> for real tokenisation)
[tokens] prepended BOS token 2
[prefill] 145 tokens ...
[prefill] 145 tokens in 334.5 ms (433.5 tok/s) [chunked, chunk_size=145]  (last sampled token: 49)
49 [mtp-dbg] step=1 draft=106 target=106 MATCH
106 [mtp-dbg] step=2 draft=107 target=100 miss
100 [mtp-dbg] step=3 draft=45518 target=45518 MATCH
45518 [mtp-dbg] step=4 draft=107 target=107 MATCH
107 [mtp-dbg] step=5 draft=100 target=818 miss
818 [mtp-dbg] step=6 draft=2430 target=2430 MATCH
2430 [mtp-dbg] step=7 draft=3847 target=815 miss
815 [mtp-dbg] step=8 draft=3847 target=3847 MATCH
[mtp-step 8] accept_rate=0.62
3847 496 3605 529 7738 653 3541 236772 [mtp-step 16] accept_rate=0.56
11681 10396 7906 1186 496 2321 7579 653 [mtp-step 24] accept_rate=0.58
16271 568 5282 623 216153 827 623 216153 [mtp-step 32] accept_rate=0.62
827 623 216153 827 623 216153 827 623 [mtp-step 40] accept_rate=0.62
216153 827 623 216153 827 623 216153 827 [mtp-step 48] accept_rate=0.65
623 216153 827 623 216153 827 623 216153 [mtp-step 56] accept_rate=0.64
827 623 216153 827 623 216153 827 623 [mtp-step 64] accept_rate=0.64

[mtp] steps=64 accepted=41 accept_rate=0.64

[stats] generated=64  decode_ms=3337.5  tok/s=19.18  first_tok_ms=63.79
[stats] prefill=145 tokens  context_used=209/4096
[mem]  VRAM used=19.78 GB  total=24.00 GB
