[dflash] WARNING: detected CUDA device 0 (NVIDIA GeForce RTX 3090) with 23 GiB VRAM.
[dflash]          Long-context prefill on <=24 GiB cards is significantly
[dflash]          slower with VMM enabled. Consider rebuilding with:
[dflash]              cmake -DGGML_CUDA_NO_VMM=ON ..
ggml_cuda_init: found 1 CUDA devices (Total VRAM: 24575 MiB):
  Device 0: NVIDIA GeForce RTX 3090, compute capability 8.6, VMM: no, VRAM: 24575 MiB
[cache] MTP donor override: forced Q8_0 on 2 layer(s) to avoid TQ3/FWHT cross-attn mismatch
[cache] created max_ctx=16384 (full_attn=16384, swa=2048), kv_layers=60, saved 72.9%
[cache] kv types: SWA=tq3_0, full=tq3_0
[cfg] model=/home/peppi/Dev/lucebox-hub/models/gemma-4-31B-it-Q4_K_M.gguf draft=(none) method=mtp gpu=0 ctx=16384 n_predict=64 kv_k=tq3_0 kv_v=tq3_0 temp=0.00 top_k=0 top_p=1.00 budget=22 bench=0 fa_window=0 draft_max=0 adaptive=0 draft_kv_cap_override=0 pflash=0 pflash_alpha=0.120
[gemma4_loader] bos_id=2 eos_id=106 eos_chat_id=107
[gemma4_loader] capture_layer_ids: 1 12 23 35 46 57
[target] loaded 60 layers, n_embd=5376, vocab=262144  (2178.2 ms)
[mtp_loader] loaded: n_embd_backbone=5376 n_mtp_layers=4 attention_k_eq_v=1 n_centroids=2048 use_ordered_embeddings=0 requires_target_arch=gemma4 tensors=49 GPU 322.06 MiB
[mtp_loader]   layer[0]: is_swa=1 donor_target_layer=59
[mtp_loader]   layer[1]: is_swa=1 donor_target_layer=59
[mtp_loader]   layer[2]: is_swa=1 donor_target_layer=59
[mtp_loader]   layer[3]: is_swa=0 donor_target_layer=58
[mtp] loaded n_layers=4 n_embd=1024 n_embd_backbone=5376  (92.7 ms)
[cache] created max_ctx=16384, kv_layers=60  (105.5 ms)
[mtp] mtp_last_full_layer=59
[mtp-fa-types] layer 0: Qfa=f32 Kfa=q8_0 Vfa=q8_0 head_dim_fa=256 kv_is_tq3=0 need_mask=0
[mtp-fa-types] layer 1: Qfa=f32 Kfa=q8_0 Vfa=q8_0 head_dim_fa=256 kv_is_tq3=0 need_mask=0
[mtp-fa-types] layer 2: Qfa=f32 Kfa=q8_0 Vfa=q8_0 head_dim_fa=256 kv_is_tq3=0 need_mask=0
[mtp-fa-types] layer 3: Qfa=f32 Kfa=q8_0 Vfa=q8_0 head_dim_fa=512 kv_is_tq3=0 need_mask=1
[mtp] step graph built ok
[tokens] using 12288 pre-tokenised IDs from --tokens
[tokens] prepended BOS token 2
[prefill] 12289 tokens ...
[prefill] 12289 tokens in 19796.0 ms (620.8 tok/s) [chunked, chunk_size=1024]  (last sampled token: 506)
506 [mtp-dbg] step=1 draft=11814 target=236780 miss
236780 [mtp-dbg] step=2 draft=6886 target=6886 MATCH
6886 [mtp-dbg] step=3 draft=8244 target=8244 MATCH
8244 [mtp-dbg] step=4 draft=236764 target=1852 miss
1852 [mtp-dbg] step=5 draft=236764 target=1638 miss
1638 [mtp-dbg] step=6 draft=236761 target=1638 miss
1638 [mtp-dbg] step=7 draft=236761 target=1638 miss
1638 [mtp-dbg] step=8 draft=1638 target=1852 miss
[mtp-step 8] accept_rate=0.25
1852 1852 1852 1852 1852 1852 1852 1852 [mtp-step 16] accept_rate=0.56
1852 108 236814 236751 506 1638 1638 1852 [mtp-step 24] accept_rate=0.54
1852 1852 1852 1852 1852 1638 1852 1852 [mtp-step 32] accept_rate=0.59
1852 1852 1852 1852 1852 1852 1852 108 [mtp-step 40] accept_rate=0.62
138 236751 715 496 236786 496 236786 496 [mtp-step 48] accept_rate=0.58
236786 236744 1638 1852 1852 1852 1852 1852 [mtp-step 56] accept_rate=0.59
1852 1852 1852 1852 1852 1852 1852 1852 [mtp-step 64] accept_rate=0.64

[mtp] steps=64 accepted=41 accept_rate=0.64

[stats] generated=64  decode_ms=6276.6  tok/s=10.20  first_tok_ms=101.44
[stats] prefill=12289 tokens  context_used=12353/16384
[mem]  VRAM used=20.69 GB  total=24.00 GB
