[dflash] WARNING: detected CUDA device 0 (NVIDIA GeForce RTX 3090) with 23 GiB VRAM.
[dflash]          Long-context prefill on <=24 GiB cards is significantly
[dflash]          slower with VMM enabled. Consider rebuilding with:
[dflash]              cmake -DGGML_CUDA_NO_VMM=ON ..
ggml_cuda_init: found 1 CUDA devices (Total VRAM: 24575 MiB):
  Device 0: NVIDIA GeForce RTX 3090, compute capability 8.6, VMM: no, VRAM: 24575 MiB
[cache] created max_ctx=16384 (full_attn=16384, swa=2048), kv_layers=60, saved 72.9%
[cache] kv types: SWA=tq3_0, full=tq3_0
[cfg] model=/home/peppi/Dev/lucebox-hub/models/gemma-4-31B-it-Q4_K_M.gguf draft=(none) method=none gpu=0 ctx=16384 n_predict=64 kv_k=tq3_0 kv_v=tq3_0 temp=0.00 top_k=0 top_p=1.00 budget=22 bench=0 fa_window=0 draft_max=0 adaptive=0 draft_kv_cap_override=0 pflash=0 pflash_alpha=0.120
[gemma4_loader] bos_id=2 eos_id=106 eos_chat_id=107
[gemma4_loader] capture_layer_ids: 1 12 23 35 46 57
[target] loaded 60 layers, n_embd=5376, vocab=262144  (2184.4 ms)
[cache] created max_ctx=16384, kv_layers=60  (98.9 ms)
[tokens] using 12288 pre-tokenised IDs from --tokens
[tokens] prepended BOS token 2
[prefill] 12289 tokens ...
[prefill] 12289 tokens in 19983.6 ms (615.0 tok/s) [chunked, chunk_size=1024]  (last sampled token: 506)
[tgt-only-dbg] logits[0..3]: -11.861 -11.916 -7.175 -11.755 max=13.992@236751 next=236751
506 236751 236858 519 236858 236751 506 759 236772 501 498 498 498 498 498 498 498 498 498 498 498 366 366 366 496 759 759 759 759 759 759 759 236780 1389 605 2481 81341 3468 19386 44477 107 759 759 759 759 759 759 144 759 4317 506 107 514 514 514 514 514 236798 1852 506 759 17780 498 498 
[stats] generated=64  decode_ms=4926.9  tok/s=12.99  first_tok_ms=74.75
[stats] prefill=12289 tokens  context_used=12353/16384
[mem]  VRAM used=20.18 GB  total=24.00 GB
