[dflash] WARNING: detected CUDA device 0 (NVIDIA GeForce RTX 3090) with 23 GiB VRAM.
[dflash]          Long-context prefill on <=24 GiB cards is significantly
[dflash]          slower with VMM enabled. Consider rebuilding with:
[dflash]              cmake -DGGML_CUDA_NO_VMM=ON ..
ggml_cuda_init: found 1 CUDA devices (Total VRAM: 24575 MiB):
  Device 0: NVIDIA GeForce RTX 3090, compute capability 8.6, VMM: no, VRAM: 24575 MiB
[cache] created max_ctx=65536 (full_attn=65536, swa=2048), kv_layers=60, saved 80.7%
[cache] kv types: SWA=tq3_0, full=tq3_0
[cfg] model=/home/peppi/Dev/lucebox-hub/models/gemma-4-31B-it-Q4_K_M.gguf draft=(none) method=none gpu=0 ctx=65536 n_predict=64 kv_k=tq3_0 kv_v=tq3_0 temp=0.00 top_k=0 top_p=1.00 budget=22 bench=0 fa_window=0 draft_max=0 adaptive=0 draft_kv_cap_override=0 pflash=0 pflash_alpha=0.120
[gemma4_loader] bos_id=2 eos_id=106 eos_chat_id=107
[gemma4_loader] capture_layer_ids: 1 12 23 35 46 57
[target] loaded 60 layers, n_embd=5376, vocab=262144  (2226.6 ms)
[cache] created max_ctx=65536, kv_layers=60  (192.0 ms)
[tokens] using 50002 pre-tokenised IDs from --tokens
[tokens] prepended BOS token 2
[prefill] 50003 tokens ...
[prefill] 50003 tokens in 110592.4 ms (452.1 tok/s) [chunked, chunk_size=1024]  (last sampled token: 100)
[tgt-only-dbg] logits[0..3]: -12.495 -3.219 -6.416 -12.533 max=23.471@45518 next=45518
100 45518 107 101 2094 9173 10594 529 496 2455 5249 529 6829 236764 1944 236772 7669 14955 5151 5402 573 118213 8991 236761 669 3364 9935 659 618 5238 236787 108 1018 4809 21072 532 12939 72627 1018 107 236829 139 1018 103831 45750 53121 669 3393 18677 69656 10828 14929 9935 236764 11572 1699 2165 3275 8347 2165 7212 8347 2165 3485 
[stats] generated=64  decode_ms=9767.1  tok/s=6.55  first_tok_ms=156.11
[stats] prefill=50003 tokens  context_used=50067/65536
[mem]  VRAM used=21.07 GB  total=24.00 GB
