[dflash] WARNING: detected CUDA device 0 (NVIDIA GeForce RTX 3090) with 23 GiB VRAM.
[dflash]          Long-context prefill on <=24 GiB cards is significantly
[dflash]          slower with VMM enabled. Consider rebuilding with:
[dflash]              cmake -DGGML_CUDA_NO_VMM=ON ..
ggml_cuda_init: found 1 CUDA devices (Total VRAM: 24575 MiB):
  Device 0: NVIDIA GeForce RTX 3090, compute capability 8.6, VMM: no, VRAM: 24575 MiB
[cache] created max_ctx=4096 (full_attn=4096, swa=2048), kv_layers=60, saved 41.7%
[cache] kv types: SWA=tq3_0, full=tq3_0
[cfg] model=/home/peppi/Dev/lucebox-hub/models/gemma-4-31B-it-Q4_K_M.gguf draft=(none) method=none gpu=0 ctx=4096 n_predict=64 kv_k=tq3_0 kv_v=tq3_0 temp=0.00 top_k=0 top_p=1.00 budget=22 bench=0 fa_window=0 draft_max=0 adaptive=0 draft_kv_cap_override=0 pflash=0 pflash_alpha=0.120
[gemma4_loader] bos_id=2 eos_id=106 eos_chat_id=107
[gemma4_loader] capture_layer_ids: 1 12 23 35 46 57
[target] loaded 60 layers, n_embd=5376, vocab=262144  (2239.4 ms)
[cache] created max_ctx=4096, kv_layers=60  (76.9 ms)
[tokens] byte-fallback tokenisation: 144 tokens (pass --tokens <ids> for real tokenisation)
[tokens] prepended BOS token 2
[prefill] 145 tokens ...
[prefill] 145 tokens in 335.0 ms (432.8 tok/s) [chunked, chunk_size=145]  (last sampled token: 49)
[tgt-only-dbg] logits[0..3]: 9.558 19.028 1.088 9.674 max=24.604@106 next=106
49 106 100 45518 107 818 2430 815 3847 496 3605 529 7738 653 3541 236772 11681 10396 7906 1186 2803 7579 236764 118364 236764 532 1070 89144 1816 568 5282 623 162755 827 623 162755 827 623 162755 4248 2085 563 951 3582 2934 236764 2864 236764 653 4403 3847 236761 108 818 2744 10594 529 236787 107 236772 34489 7738 4463 236761 
[stats] generated=64  decode_ms=3260.9  tok/s=19.63  first_tok_ms=52.51
[stats] prefill=145 tokens  context_used=209/4096
[mem]  VRAM used=19.43 GB  total=24.00 GB
