[dflash] WARNING: detected CUDA device 0 (NVIDIA GeForce RTX 3090) with 23 GiB VRAM.
[dflash]          Long-context prefill on <=24 GiB cards is significantly
[dflash]          slower with VMM enabled. Consider rebuilding with:
[dflash]              cmake -DGGML_CUDA_NO_VMM=ON ..
ggml_cuda_init: found 1 CUDA devices (Total VRAM: 24575 MiB):
  Device 0: NVIDIA GeForce RTX 3090, compute capability 8.6, VMM: no, VRAM: 24575 MiB
[cache] created max_ctx=4096 (full_attn=4096, swa=2048), kv_layers=60, saved 41.7%
[cache] kv types: SWA=tq3_0, full=tq3_0
[cfg] model=/home/peppi/Dev/lucebox-hub/models/gemma-4-31B-it-Q4_K_M.gguf draft=(none) method=none gpu=0 ctx=4096 n_predict=256 kv_k=tq3_0 kv_v=tq3_0 temp=0.00 top_k=0 top_p=1.00 budget=22 bench=0 fa_window=0 draft_max=0 adaptive=0 draft_kv_cap_override=0 pflash=0 pflash_alpha=0.120
[gemma4_loader] bos_id=2 eos_id=106 eos_chat_id=107
[gemma4_loader] capture_layer_ids: 1 12 23 35 46 57
[target] loaded 60 layers, n_embd=5376, vocab=262144  (2857.8 ms)
[cache] created max_ctx=4096, kv_layers=60  (81.7 ms)
[tokens] byte-fallback tokenisation: 144 tokens (pass --tokens <ids> for real tokenisation)
[tokens] prepended BOS token 2
[prefill] 145 tokens ...
[prefill] 145 tokens in 346.9 ms (418.0 tok/s) [chunked, chunk_size=145]  (last sampled token: 49)
[tgt-only-dbg] logits[0..3]: 9.558 19.028 1.088 9.674 max=24.604@106 next=106
49 106 100 45518 107 818 2430 815 3847 496 3605 529 7738 653 3541 236772 11681 10396 7906 1186 2803 7579 236764 118364 236764 532 1070 89144 1816 568 5282 623 162755 827 623 162755 827 623 162755 4248 2085 563 951 3582 2934 236764 2864 236764 653 4403 3847 236761 108 818 2744 10594 529 236787 107 236772 34489 7738 4463 236761 107 236772 4943 4940 7579 236786 79766 236761 107 236772 4150 536 2407 31368 236761 108 10081 993 563 951 21475 11172 236764 564 3914 2847 496 3530 3890 236761 564 1374 2679 506 2430 573 65977 653 496 3530 2934 236761 108 21817 236787 107 236770 236761 562 11190 3811 600 506 2744 563 31410 236761 107 236778 236761 29020 506 2430 1217 564 740 1601 1091 236761 101 1509 5724 1133 822 3618 563 7738 653 6097 1186 496 2321 89144 7579 236761 236743 108 1018 3910 740 564 1601 611 3124 236881 1018 7323 2597 2196 531 2679 496 2934 236764 2583 786 496 4209 236764 653 3442 786 1144 236789 236751 580 822 3666 236888 106 106 107 100 45518 107 818 2430 236789 236751 2744 563 13981 7738 653 10594 529 4940 7579 236786 203201 236761 2085 563 951 3582 2864 653 2934 236761 108 236777 1374 8932 124954 532 2679 506 2430 531 2847 496 3582 11172 653 2934 834 564 740 6361 1091 236761 108 21817 236787 107 236770 236761 562 11190 3811 506 2744 563 31410 236761 107 236778 236761 141684 506 2430 531 
[stats] generated=256  decode_ms=13530.8  tok/s=18.92  first_tok_ms=52.96
[stats] prefill=145 tokens  context_used=401/4096
[mem]  VRAM used=19.69 GB  total=24.00 GB
